28/09/20 19:20:01 INFO  BasicHook:20 - ------ Starting -----Example scenario for get user data-----
28/09/20 19:20:02 INFO  MethodsService:109 - >>>Request: https://reqres.in/api/users, {id=2}, {Content-Type=application/json}
28/09/20 19:20:06 INFO  RestClient:90 - >>>Response: <200 OK,api.model.Data@c5dc4a2,{Date=[Mon, 28 Sep 2020 22:20:02 GMT], Content-Type=[application/json; charset=utf-8], Transfer-Encoding=[chunked], Connection=[keep-alive], Set-Cookie=[__cfduid=d3e9df2a55d5d97f082988def459166a41601331602; expires=Wed, 28-Oct-20 22:20:02 GMT; path=/; domain=.reqres.in; HttpOnly; SameSite=Lax; Secure], X-Powered-By=[Express], Access-Control-Allow-Origin=[*], Etag=[W/"173-1Z8bn0V7UjH6FK7NCaza1ccWXQk"], Via=[1.1 vegur], Cache-Control=[max-age=14400], CF-Cache-Status=[MISS], cf-request-id=[0578663d2c0000e396dfacd200000001], Expect-CT=[max-age=604800, report-uri="https://report-uri.cloudflare.com/cdn-cgi/beacon/expect-ct"], Vary=[Accept-Encoding], Server=[cloudflare], CF-RAY=[5da0d9751b22e396-ATL]}>
28/09/20 19:20:06 INFO  BasicHook:35 - ------ Ending -----Example scenario for get user data-----
28/09/20 19:20:06 INFO  BasicHook:20 - ------ Starting -----Example scenario for get user data-----
28/09/20 19:20:06 INFO  MethodsService:109 - >>>Request: https://reqres.in/api/users, {Content-Type=application/json}, {"name":"test","job":"leader"}
28/09/20 19:20:07 INFO  RestClient:90 - >>>Response: <201 Created,api.model.UserCreated@23fb172e,{Date=[Mon, 28 Sep 2020 22:20:03 GMT], Content-Type=[application/json; charset=utf-8], Content-Length=[80], Connection=[keep-alive], x-powered-by=[Express], access-control-allow-origin=[*], etag=[W/"50-X/+g63hkLQBtyaOmbI/LCQSxOdE"], via=[1.1 vegur], CF-Cache-Status=[DYNAMIC], cf-request-id=[0578663f7a0000e396dfafd200000001], Expect-CT=[max-age=604800, report-uri="https://report-uri.cloudflare.com/cdn-cgi/beacon/expect-ct"], Server=[cloudflare], CF-RAY=[5da0d978c984e396-ATL]}>
28/09/20 19:20:07 INFO  BasicHook:35 - ------ Ending -----Example scenario for get user data-----
28/09/20 19:20:07 INFO  BasicHook:20 - ------ Starting -----Example scenario for get user data-----
28/09/20 19:20:07 INFO  MethodsService:109 - >>>Request: https://reqres.in/api/users, {Content-Type=application/json}, {"name":"test","job":"leader"}
28/09/20 19:20:07 INFO  RestClient:90 - >>>Response: <201 Created,api.model.UserCreated@64ba3208,{Date=[Mon, 28 Sep 2020 22:20:03 GMT], Content-Type=[application/json; charset=utf-8], Content-Length=[80], Connection=[keep-alive], x-powered-by=[Express], access-control-allow-origin=[*], etag=[W/"50-P4g1BR9J+KjSK1j0jKPQqJgObsc"], via=[1.1 vegur], CF-Cache-Status=[DYNAMIC], cf-request-id=[05786641500000e396dfb11200000001], Expect-CT=[max-age=604800, report-uri="https://report-uri.cloudflare.com/cdn-cgi/beacon/expect-ct"], Server=[cloudflare], CF-RAY=[5da0d97bbee5e396-ATL]}>
28/09/20 19:20:07 INFO  BasicHook:35 - ------ Ending -----Example scenario for get user data-----
28/09/20 19:20:07 INFO  BasicHook:20 - ------ Starting -----Example scenario for get user data-----
28/09/20 19:20:07 INFO  MethodsService:109 - >>>Request: https://reqres.in/api/users, {Content-Type=application/json}, {"name":"test","job":"leader"}
28/09/20 19:20:08 INFO  RestClient:90 - >>>Response: <201 Created,api.model.UserCreated@158a3b2e,{Date=[Mon, 28 Sep 2020 22:20:04 GMT], Content-Type=[application/json; charset=utf-8], Content-Length=[80], Connection=[keep-alive], X-Powered-By=[Express], Access-Control-Allow-Origin=[*], Etag=[W/"50-Zhcvx0kkfIKurNuUS5s8LihgaZ0"], Via=[1.1 vegur], CF-Cache-Status=[DYNAMIC], cf-request-id=[05786642a40000e396dfb25200000001], Expect-CT=[max-age=604800, report-uri="https://report-uri.cloudflare.com/cdn-cgi/beacon/expect-ct"], Server=[cloudflare], CF-RAY=[5da0d97ddb1de396-ATL]}>
28/09/20 19:20:08 INFO  BasicHook:35 - ------ Ending -----Example scenario for get user data-----
28/09/20 19:20:08 INFO  BasicHook:20 - ------ Starting -----Example scenario for input parameters-----
28/09/20 19:20:08 INFO  MethodsService:109 - >>>Request: https://postman-echo.com/response-headers, {foo1=bar1, foo2=bar2}
28/09/20 19:20:09 INFO  RestClient:90 - >>>Response: <200 OK,api.model.ResponseHeaders@4566d049,{Date=[Mon, 28 Sep 2020 22:20:05 GMT], Content-Type=[application/json; charset=utf-8], Content-Length=[29], Connection=[keep-alive], foo1=[bar1], foo2=[bar2], ETag=[W/"1d-PgOLWVqd2mMvcpNzTF0Cfy4hftg"], Vary=[Accept-Encoding], set-cookie=[sails.sid=s%3A-glM07MeZPNVuW8DbuS8WG8UOfdLRrDQ.6vrzhAeFbg32DDU9FLg%2BN%2BvCAN%2BYNgPmUHNWkwaiqy0; Path=/; HttpOnly]}>
28/09/20 19:20:09 INFO  BasicHook:35 - ------ Ending -----Example scenario for input parameters-----
28/09/20 19:20:09 INFO  BasicHook:20 - ------ Starting -----obtener la duraci贸n promedio de la prueba de categor铆a sobre los informes-----
28/09/20 19:20:09 INFO  BasicHook:35 - ------ Ending -----obtener la duraci贸n promedio de la prueba de categor铆a sobre los informes-----
28/09/20 19:24:41 INFO  BasicHook:20 - ------ Starting -----Example scenario for get user data-----
28/09/20 19:24:42 INFO  MethodsService:109 - >>>Request: https://reqres.in/api/users, {id=2}, {Content-Type=application/json}
28/09/20 19:24:52 INFO  BasicHook:20 - ------ Starting -----Example scenario for get user data-----
28/09/20 19:24:53 INFO  MethodsService:109 - >>>Request: https://reqres.in/api/users, {id=2}, {Content-Type=application/json}
28/09/20 19:24:56 INFO  RestClient:90 - >>>Response: <200 OK,api.model.Data@c5dc4a2,{Date=[Mon, 28 Sep 2020 22:24:53 GMT], Content-Type=[application/json; charset=utf-8], Transfer-Encoding=[chunked], Connection=[keep-alive], Set-Cookie=[__cfduid=d766fed4d699fe7f2a9184139752623531601331893; expires=Wed, 28-Oct-20 22:24:53 GMT; path=/; domain=.reqres.in; HttpOnly; SameSite=Lax; Secure], X-Powered-By=[Express], Access-Control-Allow-Origin=[*], Etag=[W/"173-1Z8bn0V7UjH6FK7NCaza1ccWXQk"], Via=[1.1 vegur], Cache-Control=[max-age=14400], CF-Cache-Status=[HIT], Age=[291], cf-request-id=[05786aabd00000f3156b91d200000001], Expect-CT=[max-age=604800, report-uri="https://report-uri.cloudflare.com/cdn-cgi/beacon/expect-ct"], Vary=[Accept-Encoding], Server=[cloudflare], CF-RAY=[5da0e08c8b55f315-ATL]}>
28/09/20 19:24:56 INFO  BasicHook:35 - ------ Ending -----Example scenario for get user data-----
28/09/20 19:24:56 INFO  BasicHook:20 - ------ Starting -----Example scenario for get user data-----
28/09/20 19:24:56 INFO  MethodsService:109 - >>>Request: https://reqres.in/api/users, {Content-Type=application/json}, {"name":"test","job":"leader"}
28/09/20 19:24:57 INFO  RestClient:90 - >>>Response: <201 Created,api.model.UserCreated@23fb172e,{Date=[Mon, 28 Sep 2020 22:24:53 GMT], Content-Type=[application/json; charset=utf-8], Content-Length=[80], Connection=[keep-alive], X-Powered-By=[Express], Access-Control-Allow-Origin=[*], Etag=[W/"50-RsKSp06Q8DcO+Sy/F/ZO7/FCQHk"], Via=[1.1 vegur], CF-Cache-Status=[DYNAMIC], cf-request-id=[05786aad1c0000f3156b92b200000001], Expect-CT=[max-age=604800, report-uri="https://report-uri.cloudflare.com/cdn-cgi/beacon/expect-ct"], Server=[cloudflare], CF-RAY=[5da0e08e9f0ff315-ATL]}>
28/09/20 19:24:57 INFO  BasicHook:35 - ------ Ending -----Example scenario for get user data-----
28/09/20 19:24:57 INFO  BasicHook:20 - ------ Starting -----Example scenario for get user data-----
28/09/20 19:24:57 INFO  MethodsService:109 - >>>Request: https://reqres.in/api/users, {Content-Type=application/json}, {"name":"test","job":"leader"}
28/09/20 19:24:57 INFO  RestClient:90 - >>>Response: <201 Created,api.model.UserCreated@64ba3208,{Date=[Mon, 28 Sep 2020 22:24:54 GMT], Content-Type=[application/json; charset=utf-8], Content-Length=[80], Connection=[keep-alive], X-Powered-By=[Express], Access-Control-Allow-Origin=[*], Etag=[W/"50-wLIbBlEm1c8aAnTkKlpi3sJmkQI"], Via=[1.1 vegur], CF-Cache-Status=[DYNAMIC], cf-request-id=[05786aaef20000f3156b944200000001], Expect-CT=[max-age=604800, report-uri="https://report-uri.cloudflare.com/cdn-cgi/beacon/expect-ct"], Server=[cloudflare], CF-RAY=[5da0e0918c7af315-ATL]}>
28/09/20 19:24:57 INFO  BasicHook:35 - ------ Ending -----Example scenario for get user data-----
28/09/20 19:24:57 INFO  BasicHook:20 - ------ Starting -----Example scenario for get user data-----
28/09/20 19:24:57 INFO  MethodsService:109 - >>>Request: https://reqres.in/api/users, {Content-Type=application/json}, {"name":"test","job":"leader"}
28/09/20 19:24:58 INFO  RestClient:90 - >>>Response: <201 Created,api.model.UserCreated@158a3b2e,{Date=[Mon, 28 Sep 2020 22:24:54 GMT], Content-Type=[application/json; charset=utf-8], Content-Length=[80], Connection=[keep-alive], X-Powered-By=[Express], Access-Control-Allow-Origin=[*], Etag=[W/"50-3PyO+FbJOEcZ3UMJS6bXjyU0SOc"], Via=[1.1 vegur], CF-Cache-Status=[DYNAMIC], cf-request-id=[05786ab0af0000f3156b951200000001], Expect-CT=[max-age=604800, report-uri="https://report-uri.cloudflare.com/cdn-cgi/beacon/expect-ct"], Server=[cloudflare], CF-RAY=[5da0e09449a9f315-ATL]}>
28/09/20 19:24:58 INFO  BasicHook:35 - ------ Ending -----Example scenario for get user data-----
28/09/20 19:24:58 INFO  BasicHook:20 - ------ Starting -----Example scenario for input parameters-----
28/09/20 19:24:58 INFO  MethodsService:109 - >>>Request: https://postman-echo.com/response-headers, {foo1=bar1, foo2=bar2}
28/09/20 19:25:00 INFO  RestClient:90 - >>>Response: <200 OK,api.model.ResponseHeaders@4566d049,{Date=[Mon, 28 Sep 2020 22:24:57 GMT], Content-Type=[application/json; charset=utf-8], Content-Length=[29], Connection=[keep-alive], foo1=[bar1], foo2=[bar2], ETag=[W/"1d-PgOLWVqd2mMvcpNzTF0Cfy4hftg"], Vary=[Accept-Encoding], set-cookie=[sails.sid=s%3AHXeqiJ-lRGvHTDHYOLgVWmqIXUnLVY84.tf1cBBcWKr4NX9dOq4TnoiXhpWwmg6CM0CbIiByZIpU; Path=/; HttpOnly]}>
28/09/20 19:25:00 INFO  BasicHook:35 - ------ Ending -----Example scenario for input parameters-----
28/09/20 19:25:00 INFO  BasicHook:20 - ------ Starting -----obtener la duraci贸n promedio de la prueba de categor铆a sobre los informes-----
28/09/20 19:25:00 INFO  BasicHook:35 - ------ Ending -----obtener la duraci贸n promedio de la prueba de categor铆a sobre los informes-----
28/09/20 19:34:13 INFO  BasicHook:20 - ------ Starting -----Example scenario for get user data-----
28/09/20 19:34:14 INFO  MethodsService:109 - >>>Request: https://reqres.in/api/users, {id=2}, {Content-Type=application/json}
28/09/20 19:34:17 INFO  RestClient:90 - >>>Response: <200 OK,api.model.Data@151335cb,{Date=[Mon, 28 Sep 2020 22:34:13 GMT], Content-Type=[application/json; charset=utf-8], Transfer-Encoding=[chunked], Connection=[keep-alive], Set-Cookie=[__cfduid=d272b4ff204008fea7c43c54f30b431631601332453; expires=Wed, 28-Oct-20 22:34:13 GMT; path=/; domain=.reqres.in; HttpOnly; SameSite=Lax; Secure], X-Powered-By=[Express], Access-Control-Allow-Origin=[*], Etag=[W/"173-1Z8bn0V7UjH6FK7NCaza1ccWXQk"], Via=[1.1 vegur], Cache-Control=[max-age=14400], CF-Cache-Status=[HIT], Age=[851], cf-request-id=[05787339d70000b9bce6814200000001], Expect-CT=[max-age=604800, report-uri="https://report-uri.cloudflare.com/cdn-cgi/beacon/expect-ct"], Vary=[Accept-Encoding], Server=[cloudflare], CF-RAY=[5da0ee3c8fb0b9bc-ATL]}>
28/09/20 19:34:17 INFO  BasicHook:35 - ------ Ending -----Example scenario for get user data-----
28/09/20 19:34:17 INFO  BasicHook:20 - ------ Starting -----Example scenario for get user data-----
28/09/20 19:34:17 INFO  MethodsService:109 - >>>Request: https://reqres.in/api/users, {Content-Type=application/json}, {"name":"test","job":"leader"}
28/09/20 19:34:18 INFO  RestClient:90 - >>>Response: <201 Created,api.model.UserCreated@31ee96f4,{Date=[Mon, 28 Sep 2020 22:34:14 GMT], Content-Type=[application/json; charset=utf-8], Content-Length=[80], Connection=[keep-alive], x-powered-by=[Express], access-control-allow-origin=[*], etag=[W/"50-/BduulJfL+xofbiI+vuJIWU2kXI"], via=[1.1 vegur], CF-Cache-Status=[DYNAMIC], cf-request-id=[0578733b3f0000b9bce681b200000001], Expect-CT=[max-age=604800, report-uri="https://report-uri.cloudflare.com/cdn-cgi/beacon/expect-ct"], Server=[cloudflare], CF-RAY=[5da0ee3ec935b9bc-ATL]}>
28/09/20 19:34:18 INFO  BasicHook:35 - ------ Ending -----Example scenario for get user data-----
28/09/20 19:34:18 INFO  BasicHook:20 - ------ Starting -----Example scenario for get user data-----
28/09/20 19:34:18 INFO  MethodsService:109 - >>>Request: https://reqres.in/api/users, {Content-Type=application/json}, {"name":"test","job":"leader"}
28/09/20 19:34:18 INFO  RestClient:90 - >>>Response: <201 Created,api.model.UserCreated@652ab8d9,{Date=[Mon, 28 Sep 2020 22:34:14 GMT], Content-Type=[application/json; charset=utf-8], Content-Length=[80], Connection=[keep-alive], X-Powered-By=[Express], Access-Control-Allow-Origin=[*], Etag=[W/"50-gIiG1KJKoY9Yl7HQCZDWFaJ0lQQ"], Via=[1.1 vegur], CF-Cache-Status=[DYNAMIC], cf-request-id=[0578733d010000b9bce6828200000001], Expect-CT=[max-age=604800, report-uri="https://report-uri.cloudflare.com/cdn-cgi/beacon/expect-ct"], Server=[cloudflare], CF-RAY=[5da0ee419bb0b9bc-ATL]}>
28/09/20 19:34:18 INFO  BasicHook:35 - ------ Ending -----Example scenario for get user data-----
28/09/20 19:34:18 INFO  BasicHook:20 - ------ Starting -----Example scenario for get user data-----
28/09/20 19:34:18 INFO  MethodsService:109 - >>>Request: https://reqres.in/api/users, {Content-Type=application/json}, {"name":"test","job":"leader"}
28/09/20 19:34:19 INFO  RestClient:90 - >>>Response: <201 Created,api.model.UserCreated@51e0301d,{Date=[Mon, 28 Sep 2020 22:34:15 GMT], Content-Type=[application/json; charset=utf-8], Content-Length=[80], Connection=[keep-alive], X-Powered-By=[Express], Access-Control-Allow-Origin=[*], Etag=[W/"50-NrxZYqbR4AQEl1VlKcy4x+fkBO8"], Via=[1.1 vegur], CF-Cache-Status=[DYNAMIC], cf-request-id=[0578733ed20000b9bce682f200000001], Expect-CT=[max-age=604800, report-uri="https://report-uri.cloudflare.com/cdn-cgi/beacon/expect-ct"], Server=[cloudflare], CF-RAY=[5da0ee448dc1b9bc-ATL]}>
28/09/20 19:34:19 INFO  BasicHook:35 - ------ Ending -----Example scenario for get user data-----
28/09/20 19:34:19 INFO  BasicHook:20 - ------ Starting -----Example scenario for input parameters-----
28/09/20 19:34:19 INFO  MethodsService:109 - >>>Request: https://postman-echo.com/response-headers, {foo1=bar1, foo2=bar2}
28/09/20 19:34:20 INFO  RestClient:90 - >>>Response: <200 OK,api.model.ResponseHeaders@1a35993f,{Date=[Mon, 28 Sep 2020 22:34:16 GMT], Content-Type=[application/json; charset=utf-8], Content-Length=[29], Connection=[keep-alive], foo1=[bar1], foo2=[bar2], ETag=[W/"1d-PgOLWVqd2mMvcpNzTF0Cfy4hftg"], Vary=[Accept-Encoding], set-cookie=[sails.sid=s%3A2YVAlcm9GW9OZUaPaprHRfUx2HHDKJR2.iWJWHGDDI3Go8ToDzCk%2BoNueAM02OXXe2BeTMmJFe%2BE; Path=/; HttpOnly]}>
28/09/20 19:34:20 INFO  BasicHook:35 - ------ Ending -----Example scenario for input parameters-----
28/09/20 19:34:20 INFO  BasicHook:20 - ------ Starting -----obtener la duraci贸n promedio de la prueba de categor铆a sobre los informes-----
28/09/20 19:34:20 INFO  BasicHook:35 - ------ Ending -----obtener la duraci贸n promedio de la prueba de categor铆a sobre los informes-----
28/09/20 19:36:51 INFO  BasicHook:20 - ------ Starting -----Example scenario for get user data-----
28/09/20 19:36:52 INFO  MethodsService:109 - >>>Request: https://reqres.in/api/users, {id=2}, {Content-Type=application/json}
28/09/20 19:36:55 INFO  RestClient:90 - >>>Response: <200 OK,api.model.Data@4a7761b1,{Date=[Mon, 28 Sep 2020 22:36:51 GMT], Content-Type=[application/json; charset=utf-8], Transfer-Encoding=[chunked], Connection=[keep-alive], Set-Cookie=[__cfduid=dc026d201b025a6911c6848bcb11c329f1601332611; expires=Wed, 28-Oct-20 22:36:51 GMT; path=/; domain=.reqres.in; HttpOnly; SameSite=Lax; Secure], X-Powered-By=[Express], Access-Control-Allow-Origin=[*], Etag=[W/"173-1Z8bn0V7UjH6FK7NCaza1ccWXQk"], Via=[1.1 vegur], Cache-Control=[max-age=14400], CF-Cache-Status=[HIT], Age=[1009], cf-request-id=[057875a36600001867c501c200000001], Expect-CT=[max-age=604800, report-uri="https://report-uri.cloudflare.com/cdn-cgi/beacon/expect-ct"], Vary=[Accept-Encoding], Server=[cloudflare], CF-RAY=[5da0f218af721867-ATL]}>
28/09/20 19:36:55 INFO  BasicHook:35 - ------ Ending -----Example scenario for get user data-----
28/09/20 19:36:55 INFO  BasicHook:20 - ------ Starting -----Example scenario for get user data-----
28/09/20 19:36:55 INFO  MethodsService:109 - >>>Request: https://reqres.in/api/users, {Content-Type=application/json}, {"name":"test","job":"leader"}
28/09/20 19:36:56 INFO  RestClient:90 - >>>Response: <201 Created,api.model.UserCreated@1e6cc850,{Date=[Mon, 28 Sep 2020 22:36:52 GMT], Content-Type=[application/json; charset=utf-8], Content-Length=[80], Connection=[keep-alive], X-Powered-By=[Express], Access-Control-Allow-Origin=[*], Etag=[W/"50-R4wsfBNA8VNCjvmdOxVsHdOnbdw"], Via=[1.1 vegur], CF-Cache-Status=[DYNAMIC], cf-request-id=[057875a51900001867c5031200000001], Expect-CT=[max-age=604800, report-uri="https://report-uri.cloudflare.com/cdn-cgi/beacon/expect-ct"], Server=[cloudflare], CF-RAY=[5da0f21b5ea41867-ATL]}>
28/09/20 19:36:56 INFO  BasicHook:35 - ------ Ending -----Example scenario for get user data-----
28/09/20 19:36:56 INFO  BasicHook:20 - ------ Starting -----Example scenario for get user data-----
28/09/20 19:36:56 INFO  MethodsService:109 - >>>Request: https://reqres.in/api/users, {Content-Type=application/json}, {"name":"test","job":"leader"}
28/09/20 19:36:56 INFO  RestClient:90 - >>>Response: <201 Created,api.model.UserCreated@7ec58feb,{Date=[Mon, 28 Sep 2020 22:36:53 GMT], Content-Type=[application/json; charset=utf-8], Content-Length=[80], Connection=[keep-alive], X-Powered-By=[Express], Access-Control-Allow-Origin=[*], Etag=[W/"50-u5G+29FSVhCxjOwXsOeQpyes0O8"], Via=[1.1 vegur], CF-Cache-Status=[DYNAMIC], cf-request-id=[057875a6d600001867c5044200000001], Expect-CT=[max-age=604800, report-uri="https://report-uri.cloudflare.com/cdn-cgi/beacon/expect-ct"], Server=[cloudflare], CF-RAY=[5da0f21e2e291867-ATL]}>
28/09/20 19:36:56 INFO  BasicHook:35 - ------ Ending -----Example scenario for get user data-----
28/09/20 19:36:56 INFO  BasicHook:20 - ------ Starting -----Example scenario for get user data-----
28/09/20 19:36:56 INFO  MethodsService:109 - >>>Request: https://reqres.in/api/users, {Content-Type=application/json}, {"name":"test","job":"leader"}
28/09/20 19:36:57 INFO  RestClient:90 - >>>Response: <201 Created,api.model.UserCreated@656d10a4,{Date=[Mon, 28 Sep 2020 22:36:53 GMT], Content-Type=[application/json; charset=utf-8], Content-Length=[80], Connection=[keep-alive], X-Powered-By=[Express], Access-Control-Allow-Origin=[*], Etag=[W/"50-2uIO9Xg28q46QScvpECA8vOJks0"], Via=[1.1 vegur], CF-Cache-Status=[DYNAMIC], cf-request-id=[057875a89300001867c505d200000001], Expect-CT=[max-age=604800, report-uri="https://report-uri.cloudflare.com/cdn-cgi/beacon/expect-ct"], Server=[cloudflare], CF-RAY=[5da0f220ecf51867-ATL]}>
28/09/20 19:36:57 INFO  BasicHook:35 - ------ Ending -----Example scenario for get user data-----
28/09/20 19:36:57 INFO  BasicHook:20 - ------ Starting -----Example scenario for input parameters-----
28/09/20 19:36:57 INFO  MethodsService:109 - >>>Request: https://postman-echo.com/response-headers, {foo1=bar1, foo2=bar2}
28/09/20 19:36:58 INFO  RestClient:90 - >>>Response: <200 OK,api.model.ResponseHeaders@1a35993f,{Date=[Mon, 28 Sep 2020 22:36:54 GMT], Content-Type=[application/json; charset=utf-8], Content-Length=[29], Connection=[keep-alive], foo1=[bar1], foo2=[bar2], ETag=[W/"1d-PgOLWVqd2mMvcpNzTF0Cfy4hftg"], Vary=[Accept-Encoding], set-cookie=[sails.sid=s%3AVkBVXQBcRKQcjbrFh0IbcCxNBP4lMnZT.tuPBxQwHlqLPsDVa2BHcSiv4BmAw9W5kI8nK8oo1Yxw; Path=/; HttpOnly]}>
28/09/20 19:36:58 INFO  BasicHook:35 - ------ Ending -----Example scenario for input parameters-----
28/09/20 19:36:58 INFO  BasicHook:20 - ------ Starting -----obtener la duraci贸n promedio de la prueba de categor铆a sobre los informes-----
28/09/20 19:36:58 INFO  BasicHook:35 - ------ Ending -----obtener la duraci贸n promedio de la prueba de categor铆a sobre los informes-----
28/09/20 19:39:30 INFO  BasicHook:20 - ------ Starting -----Example scenario for get user data-----
28/09/20 19:39:31 INFO  MethodsService:109 - >>>Request: https://reqres.in/api/users, {id=2}, {Content-Type=application/json}
28/09/20 19:39:34 INFO  RestClient:90 - >>>Response: <200 OK,api.model.Data@151335cb,{Date=[Mon, 28 Sep 2020 22:39:30 GMT], Content-Type=[application/json; charset=utf-8], Transfer-Encoding=[chunked], Connection=[keep-alive], Set-Cookie=[__cfduid=d5b5b0abe828a4a23e01562b2d2b76c221601332770; expires=Wed, 28-Oct-20 22:39:30 GMT; path=/; domain=.reqres.in; HttpOnly; SameSite=Lax; Secure], X-Powered-By=[Express], Access-Control-Allow-Origin=[*], Etag=[W/"173-1Z8bn0V7UjH6FK7NCaza1ccWXQk"], Via=[1.1 vegur], Cache-Control=[max-age=14400], CF-Cache-Status=[HIT], Age=[1168], cf-request-id=[0578780ff20000d3100b236200000001], Expect-CT=[max-age=604800, report-uri="https://report-uri.cloudflare.com/cdn-cgi/beacon/expect-ct"], Vary=[Accept-Encoding], Server=[cloudflare], CF-RAY=[5da0f5f98996d310-ATL]}>
28/09/20 19:39:34 INFO  BasicHook:35 - ------ Ending -----Example scenario for get user data-----
28/09/20 19:39:34 INFO  BasicHook:20 - ------ Starting -----Example scenario for get user data-----
28/09/20 19:39:34 INFO  MethodsService:109 - >>>Request: https://reqres.in/api/users, {Content-Type=application/json}, {"name":"test","job":"leader"}
28/09/20 19:39:35 INFO  RestClient:90 - >>>Response: <201 Created,api.model.UserCreated@31ee96f4,{Date=[Mon, 28 Sep 2020 22:39:31 GMT], Content-Type=[application/json; charset=utf-8], Content-Length=[79], Connection=[keep-alive], X-Powered-By=[Express], Access-Control-Allow-Origin=[*], Etag=[W/"4f-VOdk+WHesGi7L1NNtPBX+pg9Kds"], Via=[1.1 vegur], CF-Cache-Status=[DYNAMIC], cf-request-id=[05787811410000d3100b243200000001], Expect-CT=[max-age=604800, report-uri="https://report-uri.cloudflare.com/cdn-cgi/beacon/expect-ct"], Server=[cloudflare], CF-RAY=[5da0f5fb9df3d310-ATL]}>
28/09/20 19:39:35 INFO  BasicHook:35 - ------ Ending -----Example scenario for get user data-----
28/09/20 19:39:35 INFO  BasicHook:20 - ------ Starting -----Example scenario for get user data-----
28/09/20 19:39:35 INFO  MethodsService:109 - >>>Request: https://reqres.in/api/users, {Content-Type=application/json}, {"name":"test","job":"leader"}
28/09/20 19:39:35 INFO  RestClient:90 - >>>Response: <201 Created,api.model.UserCreated@652ab8d9,{Date=[Mon, 28 Sep 2020 22:39:31 GMT], Content-Type=[application/json; charset=utf-8], Content-Length=[79], Connection=[keep-alive], X-Powered-By=[Express], Access-Control-Allow-Origin=[*], Etag=[W/"4f-Ms5Lo68DWKdAlzogYqNohMTScWg"], Via=[1.1 vegur], CF-Cache-Status=[DYNAMIC], cf-request-id=[05787813030000d3100b252200000001], Expect-CT=[max-age=604800, report-uri="https://report-uri.cloudflare.com/cdn-cgi/beacon/expect-ct"], Server=[cloudflare], CF-RAY=[5da0f5fe6be9d310-ATL]}>
28/09/20 19:39:35 INFO  BasicHook:35 - ------ Ending -----Example scenario for get user data-----
28/09/20 19:39:35 INFO  BasicHook:20 - ------ Starting -----Example scenario for get user data-----
28/09/20 19:39:35 INFO  MethodsService:109 - >>>Request: https://reqres.in/api/users, {Content-Type=application/json}, {"name":"test","job":"leader"}
28/09/20 19:39:35 INFO  RestClient:90 - >>>Response: <201 Created,api.model.UserCreated@51e0301d,{Date=[Mon, 28 Sep 2020 22:39:32 GMT], Content-Type=[application/json; charset=utf-8], Content-Length=[80], Connection=[keep-alive], X-Powered-By=[Express], Access-Control-Allow-Origin=[*], Etag=[W/"50-pQ1m6Rdr8dA298oKVeIWXGSK/BI"], Via=[1.1 vegur], CF-Cache-Status=[DYNAMIC], cf-request-id=[05787814bb0000d3100b271200000001], Expect-CT=[max-age=604800, report-uri="https://report-uri.cloudflare.com/cdn-cgi/beacon/expect-ct"], Server=[cloudflare], CF-RAY=[5da0f60129f3d310-ATL]}>
28/09/20 19:39:35 INFO  BasicHook:35 - ------ Ending -----Example scenario for get user data-----
28/09/20 19:39:35 INFO  BasicHook:20 - ------ Starting -----Example scenario for input parameters-----
28/09/20 19:39:35 INFO  MethodsService:109 - >>>Request: https://postman-echo.com/response-headers, {foo1=bar1, foo2=bar2}
28/09/20 19:39:36 INFO  RestClient:90 - >>>Response: <200 OK,api.model.ResponseHeaders@1a35993f,{Date=[Mon, 28 Sep 2020 22:39:33 GMT], Content-Type=[application/json; charset=utf-8], Content-Length=[29], Connection=[keep-alive], foo1=[bar1], foo2=[bar2], ETag=[W/"1d-PgOLWVqd2mMvcpNzTF0Cfy4hftg"], Vary=[Accept-Encoding], set-cookie=[sails.sid=s%3AzEJ73ZDw2dRN4w7s_s0hVYQe_x2t8wP-.H7nOT5Mi%2FxHJxcZigD8OJep9QwN4JWLxOW2kkJfky8A; Path=/; HttpOnly]}>
28/09/20 19:39:36 INFO  BasicHook:35 - ------ Ending -----Example scenario for input parameters-----
28/09/20 19:45:48 INFO  BasicHook:20 - ------ Starting -----Example scenario for get user data-----
28/09/20 19:45:48 INFO  MethodsService:109 - >>>Request: https://reqres.in/api/users, {id=2}, {Content-Type=application/json}
28/09/20 19:46:19 INFO  RetryExec:97 - I/O exception (org.apache.http.NoHttpResponseException) caught when processing request to {s}->https://reqres.in:443: The target server failed to respond
28/09/20 19:46:19 INFO  RetryExec:113 - Retrying request to {s}->https://reqres.in:443
28/09/20 19:46:25 INFO  BasicHook:20 - ------ Starting -----Example scenario for get user data-----
28/09/20 19:46:26 INFO  MethodsService:109 - >>>Request: https://reqres.in/api/users, {id=2}, {Content-Type=application/json}
28/09/20 19:46:30 INFO  RestClient:90 - >>>Response: <200 OK,api.model.Data@151335cb,{Date=[Mon, 28 Sep 2020 22:46:26 GMT], Content-Type=[application/json; charset=utf-8], Transfer-Encoding=[chunked], Connection=[keep-alive], Set-Cookie=[__cfduid=d070151374e85778ce39d8e8ac63a3ce91601333186; expires=Wed, 28-Oct-20 22:46:26 GMT; path=/; domain=.reqres.in; HttpOnly; SameSite=Lax; Secure], X-Powered-By=[Express], Access-Control-Allow-Origin=[*], Etag=[W/"173-1Z8bn0V7UjH6FK7NCaza1ccWXQk"], Via=[1.1 vegur], Cache-Control=[max-age=14400], CF-Cache-Status=[HIT], Age=[1584], cf-request-id=[05787e67940000f34db709d200000001], Expect-CT=[max-age=604800, report-uri="https://report-uri.cloudflare.com/cdn-cgi/beacon/expect-ct"], Vary=[Accept-Encoding], Server=[cloudflare], CF-RAY=[5da1001f5bcaf34d-ATL]}>
28/09/20 19:46:30 INFO  BasicHook:35 - ------ Ending -----Example scenario for get user data-----
28/09/20 19:46:30 INFO  BasicHook:20 - ------ Starting -----Example scenario for get user data-----
28/09/20 19:46:30 INFO  MethodsService:109 - >>>Request: https://reqres.in/api/users, {Content-Type=application/json}, {"name":"test","job":"leader"}
28/09/20 19:46:30 INFO  RestClient:90 - >>>Response: <201 Created,api.model.UserCreated@522ba524,{Date=[Mon, 28 Sep 2020 22:46:27 GMT], Content-Type=[application/json; charset=utf-8], Content-Length=[80], Connection=[keep-alive], X-Powered-By=[Express], Access-Control-Allow-Origin=[*], Etag=[W/"50-OG0U7RvULj1qObf31e9f+6ICrjw"], Via=[1.1 vegur], CF-Cache-Status=[DYNAMIC], cf-request-id=[05787e69150000f34db70b6200000001], Expect-CT=[max-age=604800, report-uri="https://report-uri.cloudflare.com/cdn-cgi/beacon/expect-ct"], Server=[cloudflare], CF-RAY=[5da10021b925f34d-ATL]}>
28/09/20 19:46:30 INFO  BasicHook:35 - ------ Ending -----Example scenario for get user data-----
28/09/20 19:46:30 INFO  BasicHook:20 - ------ Starting -----Example scenario for get user data-----
28/09/20 19:46:30 INFO  MethodsService:109 - >>>Request: https://reqres.in/api/users, {Content-Type=application/json}, {"name":"test","job":"leader"}
28/09/20 19:46:31 INFO  RestClient:90 - >>>Response: <201 Created,api.model.UserCreated@15cea7b0,{Date=[Mon, 28 Sep 2020 22:46:27 GMT], Content-Type=[application/json; charset=utf-8], Content-Length=[80], Connection=[keep-alive], X-Powered-By=[Express], Access-Control-Allow-Origin=[*], Etag=[W/"50-4F361oKF9GvtjMGrDO0neneKOKQ"], Via=[1.1 vegur], CF-Cache-Status=[DYNAMIC], cf-request-id=[05787e6ae60000f34db70d4200000001], Expect-CT=[max-age=604800, report-uri="https://report-uri.cloudflare.com/cdn-cgi/beacon/expect-ct"], Server=[cloudflare], CF-RAY=[5da10024af59f34d-ATL]}>
28/09/20 19:46:31 INFO  BasicHook:35 - ------ Ending -----Example scenario for get user data-----
28/09/20 19:46:31 INFO  BasicHook:20 - ------ Starting -----Example scenario for get user data-----
28/09/20 19:46:31 INFO  MethodsService:109 - >>>Request: https://reqres.in/api/users, {Content-Type=application/json}, {"name":"test","job":"leader"}
28/09/20 19:46:31 INFO  RestClient:90 - >>>Response: <201 Created,api.model.UserCreated@185f7840,{Date=[Mon, 28 Sep 2020 22:46:27 GMT], Content-Type=[application/json; charset=utf-8], Content-Length=[80], Connection=[keep-alive], X-Powered-By=[Express], Access-Control-Allow-Origin=[*], Etag=[W/"50-5O6UKNt7x+BSv7QEJzfO9bMtQFg"], Via=[1.1 vegur], CF-Cache-Status=[DYNAMIC], cf-request-id=[05787e6ca30000f34db7107200000001], Expect-CT=[max-age=604800, report-uri="https://report-uri.cloudflare.com/cdn-cgi/beacon/expect-ct"], Server=[cloudflare], CF-RAY=[5da100276db8f34d-ATL]}>
28/09/20 19:46:31 INFO  BasicHook:35 - ------ Ending -----Example scenario for get user data-----
28/09/20 19:46:31 INFO  BasicHook:20 - ------ Starting -----Example scenario for input parameters-----
28/09/20 19:46:31 INFO  MethodsService:109 - >>>Request: https://postman-echo.com/response-headers, {foo1=bar1, foo2=bar2}
28/09/20 19:46:32 INFO  RestClient:90 - >>>Response: <200 OK,api.model.ResponseHeaders@66ec9390,{Date=[Mon, 28 Sep 2020 22:46:28 GMT], Content-Type=[application/json; charset=utf-8], Content-Length=[29], Connection=[keep-alive], foo1=[bar1], foo2=[bar2], ETag=[W/"1d-PgOLWVqd2mMvcpNzTF0Cfy4hftg"], Vary=[Accept-Encoding], set-cookie=[sails.sid=s%3ABhJyL-HceSwiXpE7XW86lfstUo8zzSer.%2FmBNFyx4yuJ4DLJu3qnp5%2Fcdyg2ezjb47zp7lqhGADs; Path=/; HttpOnly]}>
28/09/20 19:46:32 INFO  BasicHook:35 - ------ Ending -----Example scenario for input parameters-----
28/09/20 19:46:56 INFO  BasicHook:20 - ------ Starting -----Example scenario for get user data-----
28/09/20 19:46:56 INFO  MethodsService:109 - >>>Request: https://reqres.in/api/users, {id=2}, {Content-Type=application/json}
28/09/20 19:47:00 INFO  RestClient:90 - >>>Response: <200 OK,api.model.Data@151335cb,{Date=[Mon, 28 Sep 2020 22:46:56 GMT], Content-Type=[application/json; charset=utf-8], Transfer-Encoding=[chunked], Connection=[keep-alive], Set-Cookie=[__cfduid=d21e42d1d1e25a168e44e669b8354d3c91601333216; expires=Wed, 28-Oct-20 22:46:56 GMT; path=/; domain=.reqres.in; HttpOnly; SameSite=Lax; Secure], X-Powered-By=[Express], Access-Control-Allow-Origin=[*], Etag=[W/"173-1Z8bn0V7UjH6FK7NCaza1ccWXQk"], Via=[1.1 vegur], Cache-Control=[max-age=14400], CF-Cache-Status=[HIT], Age=[1614], cf-request-id=[05787ede72000018437591c200000001], Expect-CT=[max-age=604800, report-uri="https://report-uri.cloudflare.com/cdn-cgi/beacon/expect-ct"], Vary=[Accept-Encoding], Server=[cloudflare], CF-RAY=[5da100dd8dd61843-ATL]}>
28/09/20 19:47:00 INFO  BasicHook:35 - ------ Ending -----Example scenario for get user data-----
28/09/20 19:47:00 INFO  BasicHook:20 - ------ Starting -----Example scenario for get user data-----
28/09/20 19:47:00 INFO  MethodsService:109 - >>>Request: https://reqres.in/api/users, {Content-Type=application/json}, {"name":"test","job":"leader"}
28/09/20 19:47:01 INFO  RestClient:90 - >>>Response: <201 Created,api.model.UserCreated@522ba524,{Date=[Mon, 28 Sep 2020 22:46:57 GMT], Content-Type=[application/json; charset=utf-8], Content-Length=[80], Connection=[keep-alive], X-Powered-By=[Express], Access-Control-Allow-Origin=[*], Etag=[W/"50-JBhy+d1pjVAZrcmlLO5PlOmgXy8"], Via=[1.1 vegur], CF-Cache-Status=[DYNAMIC], cf-request-id=[05787ee00c0000184375941200000001], Expect-CT=[max-age=604800, report-uri="https://report-uri.cloudflare.com/cdn-cgi/beacon/expect-ct"], Server=[cloudflare], CF-RAY=[5da100e019151843-ATL]}>
28/09/20 19:47:01 INFO  BasicHook:35 - ------ Ending -----Example scenario for get user data-----
28/09/20 19:47:01 INFO  BasicHook:20 - ------ Starting -----Example scenario for get user data-----
28/09/20 19:47:01 INFO  MethodsService:109 - >>>Request: https://reqres.in/api/users, {Content-Type=application/json}, {"name":"test","job":"leader"}
28/09/20 19:47:01 INFO  RestClient:90 - >>>Response: <201 Created,api.model.UserCreated@15cea7b0,{Date=[Mon, 28 Sep 2020 22:46:57 GMT], Content-Type=[application/json; charset=utf-8], Content-Length=[80], Connection=[keep-alive], X-Powered-By=[Express], Access-Control-Allow-Origin=[*], Etag=[W/"50-GcdoEVLzD070UHgvRtcebXmIrWA"], Via=[1.1 vegur], CF-Cache-Status=[DYNAMIC], cf-request-id=[05787ee1e00000184375978200000001], Expect-CT=[max-age=604800, report-uri="https://report-uri.cloudflare.com/cdn-cgi/beacon/expect-ct"], Server=[cloudflare], CF-RAY=[5da100e309f31843-ATL]}>
28/09/20 19:47:01 INFO  BasicHook:35 - ------ Ending -----Example scenario for get user data-----
28/09/20 19:47:01 INFO  BasicHook:20 - ------ Starting -----Example scenario for get user data-----
28/09/20 19:47:01 INFO  MethodsService:109 - >>>Request: https://reqres.in/api/users, {Content-Type=application/json}, {"name":"test","job":"leader"}
28/09/20 19:47:01 INFO  RestClient:90 - >>>Response: <201 Created,api.model.UserCreated@185f7840,{Date=[Mon, 28 Sep 2020 22:46:58 GMT], Content-Type=[application/json; charset=utf-8], Content-Length=[79], Connection=[keep-alive], X-Powered-By=[Express], Access-Control-Allow-Origin=[*], Etag=[W/"4f-yQe8CwaNSGMHRT9QmA4E30RqNQw"], Via=[1.1 vegur], CF-Cache-Status=[DYNAMIC], cf-request-id=[05787ee39f00001843759af200000001], Expect-CT=[max-age=604800, report-uri="https://report-uri.cloudflare.com/cdn-cgi/beacon/expect-ct"], Server=[cloudflare], CF-RAY=[5da100e5c9601843-ATL]}>
28/09/20 19:47:01 INFO  BasicHook:35 - ------ Ending -----Example scenario for get user data-----
28/09/20 19:47:01 INFO  BasicHook:20 - ------ Starting -----Example scenario for input parameters-----
28/09/20 19:47:02 INFO  MethodsService:109 - >>>Request: https://postman-echo.com/response-headers, {foo1=bar1, foo2=bar2}
28/09/20 19:47:02 INFO  RestClient:90 - >>>Response: <200 OK,api.model.ResponseHeaders@66ec9390,{Date=[Mon, 28 Sep 2020 22:46:59 GMT], Content-Type=[application/json; charset=utf-8], Content-Length=[29], Connection=[keep-alive], foo1=[bar1], foo2=[bar2], ETag=[W/"1d-PgOLWVqd2mMvcpNzTF0Cfy4hftg"], Vary=[Accept-Encoding], set-cookie=[sails.sid=s%3A3FnTdaHjEJmlaQr0-vtLSa1h6Qzv-qhU.hJtNkdsnO%2FeQqCLOIGT0zrzV6Bzxkmo52E0zahQl%2BTQ; Path=/; HttpOnly]}>
28/09/20 19:47:02 INFO  BasicHook:35 - ------ Ending -----Example scenario for input parameters-----
28/09/20 19:47:02 INFO  BasicHook:20 - ------ Starting -----obtener la duraci贸n promedio de la prueba de categor铆a sobre los informes-----
28/09/20 19:51:24 INFO  BasicHook:35 - ------ Ending -----obtener la duraci贸n promedio de la prueba de categor铆a sobre los informes-----
28/09/20 19:51:34 INFO  BasicHook:20 - ------ Starting -----Example scenario for get user data-----
28/09/20 19:51:35 INFO  MethodsService:109 - >>>Request: https://reqres.in/api/users, {id=2}, {Content-Type=application/json}
28/09/20 19:51:38 INFO  RestClient:90 - >>>Response: <200 OK,api.model.Data@151335cb,{Date=[Mon, 28 Sep 2020 22:51:34 GMT], Content-Type=[application/json; charset=utf-8], Transfer-Encoding=[chunked], Connection=[keep-alive], Set-Cookie=[__cfduid=d38c34fa641eb2e523584407f85fbf8381601333494; expires=Wed, 28-Oct-20 22:51:34 GMT; path=/; domain=.reqres.in; HttpOnly; SameSite=Lax; Secure], X-Powered-By=[Express], Access-Control-Allow-Origin=[*], Etag=[W/"173-1Z8bn0V7UjH6FK7NCaza1ccWXQk"], Via=[1.1 vegur], Cache-Control=[max-age=14400], CF-Cache-Status=[HIT], Age=[1892], cf-request-id=[0578831b24000017fbbf87c200000001], Expect-CT=[max-age=604800, report-uri="https://report-uri.cloudflare.com/cdn-cgi/beacon/expect-ct"], Vary=[Accept-Encoding], Server=[cloudflare], CF-RAY=[5da107a50b2e17fb-ATL]}>
28/09/20 19:51:38 INFO  BasicHook:35 - ------ Ending -----Example scenario for get user data-----
28/09/20 19:51:38 INFO  BasicHook:20 - ------ Starting -----Example scenario for get user data-----
28/09/20 19:51:38 INFO  MethodsService:109 - >>>Request: https://reqres.in/api/users, {Content-Type=application/json}, {"name":"test","job":"leader"}
28/09/20 19:51:38 INFO  RestClient:90 - >>>Response: <201 Created,api.model.UserCreated@522ba524,{Date=[Mon, 28 Sep 2020 22:51:35 GMT], Content-Type=[application/json; charset=utf-8], Content-Length=[80], Connection=[keep-alive], X-Powered-By=[Express], Access-Control-Allow-Origin=[*], Etag=[W/"50-CDmdxDzGNnzPano7BLGmO3Vsj1w"], Via=[1.1 vegur], CF-Cache-Status=[DYNAMIC], cf-request-id=[0578831cb2000017fbbf89e200000001], Expect-CT=[max-age=604800, report-uri="https://report-uri.cloudflare.com/cdn-cgi/beacon/expect-ct"], Server=[cloudflare], CF-RAY=[5da107a78a2a17fb-ATL]}>
28/09/20 19:51:38 INFO  BasicHook:35 - ------ Ending -----Example scenario for get user data-----
28/09/20 19:51:38 INFO  BasicHook:20 - ------ Starting -----Example scenario for get user data-----
28/09/20 19:51:38 INFO  MethodsService:109 - >>>Request: https://reqres.in/api/users, {Content-Type=application/json}, {"name":"test","job":"leader"}
28/09/20 19:51:39 INFO  RestClient:90 - >>>Response: <201 Created,api.model.UserCreated@15cea7b0,{Date=[Mon, 28 Sep 2020 22:51:35 GMT], Content-Type=[application/json; charset=utf-8], Content-Length=[80], Connection=[keep-alive], X-Powered-By=[Express], Access-Control-Allow-Origin=[*], Etag=[W/"50-3rYVFKq85Jogp8UxtCOmkXIlRVg"], Via=[1.1 vegur], CF-Cache-Status=[DYNAMIC], cf-request-id=[0578831e7e000017fbbf8b7200000001], Expect-CT=[max-age=604800, report-uri="https://report-uri.cloudflare.com/cdn-cgi/beacon/expect-ct"], Server=[cloudflare], CF-RAY=[5da107aa6a6e17fb-ATL]}>
28/09/20 19:51:39 INFO  BasicHook:35 - ------ Ending -----Example scenario for get user data-----
28/09/20 19:51:39 INFO  BasicHook:20 - ------ Starting -----Example scenario for get user data-----
28/09/20 19:51:39 INFO  MethodsService:109 - >>>Request: https://reqres.in/api/users, {Content-Type=application/json}, {"name":"test","job":"leader"}
28/09/20 19:51:40 INFO  RestClient:90 - >>>Response: <201 Created,api.model.UserCreated@185f7840,{Date=[Mon, 28 Sep 2020 22:51:36 GMT], Content-Type=[application/json; charset=utf-8], Content-Length=[80], Connection=[keep-alive], X-Powered-By=[Express], Access-Control-Allow-Origin=[*], Etag=[W/"50-6zAE0sK29zoJoa+uitjl+ii5A7Y"], Via=[1.1 vegur], CF-Cache-Status=[DYNAMIC], cf-request-id=[057883202c000017fbbf8cb200000001], Expect-CT=[max-age=604800, report-uri="https://report-uri.cloudflare.com/cdn-cgi/beacon/expect-ct"], Server=[cloudflare], CF-RAY=[5da107ad19ab17fb-ATL]}>
28/09/20 19:51:40 INFO  BasicHook:35 - ------ Ending -----Example scenario for get user data-----
28/09/20 19:51:40 INFO  BasicHook:20 - ------ Starting -----Example scenario for input parameters-----
28/09/20 19:51:40 INFO  MethodsService:109 - >>>Request: https://postman-echo.com/response-headers, {foo1=bar1, foo2=bar2}
28/09/20 19:51:41 INFO  RestClient:90 - >>>Response: <200 OK,api.model.ResponseHeaders@66ec9390,{Date=[Mon, 28 Sep 2020 22:51:37 GMT], Content-Type=[application/json; charset=utf-8], Content-Length=[29], Connection=[keep-alive], foo1=[bar1], foo2=[bar2], ETag=[W/"1d-PgOLWVqd2mMvcpNzTF0Cfy4hftg"], Vary=[Accept-Encoding], set-cookie=[sails.sid=s%3AL3PcKjdaiJbVyE7g46kiyiZKfZID9yfQ.USa7pfiLKjxAeOXYtmMIcM%2BfdjjhaDOwccORuJ8YRQk; Path=/; HttpOnly]}>
28/09/20 19:51:41 INFO  BasicHook:35 - ------ Ending -----Example scenario for input parameters-----
28/09/20 19:51:41 INFO  BasicHook:20 - ------ Starting -----obtener la duraci贸n promedio de la prueba de categor铆a sobre los informes-----
28/09/20 19:51:41 INFO  BasicHook:35 - ------ Ending -----obtener la duraci贸n promedio de la prueba de categor铆a sobre los informes-----
29/09/20 00:20:31 INFO  BasicHook:20 - ------ Starting -----Example scenario for get user data-----
29/09/20 00:20:33 INFO  MethodsService:109 - >>>Request: https://reqres.in/api/users, {id=2}, {Content-Type=application/json}
29/09/20 00:20:36 INFO  RestClient:90 - >>>Response: <200 OK,api.model.Data@151335cb,{Date=[Tue, 29 Sep 2020 03:20:32 GMT], Content-Type=[application/json; charset=utf-8], Transfer-Encoding=[chunked], Connection=[keep-alive], Set-Cookie=[__cfduid=d85b6aafe8a211126a6241f0d1e707d7e1601349632; expires=Thu, 29-Oct-20 03:20:32 GMT; path=/; domain=.reqres.in; HttpOnly; SameSite=Lax; Secure], X-Powered-By=[Express], Access-Control-Allow-Origin=[*], Etag=[W/"173-1Z8bn0V7UjH6FK7NCaza1ccWXQk"], Via=[1.1 vegur], Cache-Control=[max-age=14400], CF-Cache-Status=[REVALIDATED], cf-request-id=[0579795a370000e3c297a94200000001], Expect-CT=[max-age=604800, report-uri="https://report-uri.cloudflare.com/cdn-cgi/beacon/expect-ct"], Report-To=[{"endpoints":[{"url":"https:\/\/a.nel.cloudflare.com\/report?lkg-colo=27&lkg-time=1601349633"}],"group":"cf-nel","max_age":604800}], NEL=[{"report_to":"cf-nel","max_age":604800}], Vary=[Accept-Encoding], Server=[cloudflare], CF-RAY=[5da291a38b19e3c2-ATL]}>
29/09/20 00:20:36 INFO  BasicHook:35 - ------ Ending -----Example scenario for get user data-----
29/09/20 00:20:36 INFO  BasicHook:20 - ------ Starting -----Example scenario for get user data-----
29/09/20 00:20:36 INFO  MethodsService:109 - >>>Request: https://reqres.in/api/users, {Content-Type=application/json}, {"name":"test","job":"leader"}
29/09/20 00:20:37 INFO  RestClient:90 - >>>Response: <201 Created,api.model.UserCreated@185f7840,{Date=[Tue, 29 Sep 2020 03:20:33 GMT], Content-Type=[application/json; charset=utf-8], Content-Length=[80], Connection=[keep-alive], X-Powered-By=[Express], Access-Control-Allow-Origin=[*], Etag=[W/"50-OSb/KN3D6tt/MCAbl5K4rD5Y7vQ"], Via=[1.1 vegur], CF-Cache-Status=[DYNAMIC], cf-request-id=[0579795cd50000e3c297ae5200000001], Expect-CT=[max-age=604800, report-uri="https://report-uri.cloudflare.com/cdn-cgi/beacon/expect-ct"], Report-To=[{"endpoints":[{"url":"https:\/\/a.nel.cloudflare.com\/report?lkg-colo=27&lkg-time=1601349633"}],"group":"cf-nel","max_age":604800}], NEL=[{"report_to":"cf-nel","max_age":604800}], Server=[cloudflare], CF-RAY=[5da291a7bb74e3c2-ATL]}>
29/09/20 00:20:37 INFO  BasicHook:35 - ------ Ending -----Example scenario for get user data-----
29/09/20 00:20:37 INFO  BasicHook:20 - ------ Starting -----Example scenario for get user data-----
29/09/20 00:20:37 INFO  MethodsService:109 - >>>Request: https://reqres.in/api/users, {Content-Type=application/json}, {"name":"test","job":"leader"}
29/09/20 00:20:37 INFO  RestClient:90 - >>>Response: <201 Created,api.model.UserCreated@7e7f0f0a,{Date=[Tue, 29 Sep 2020 03:20:33 GMT], Content-Type=[application/json; charset=utf-8], Content-Length=[80], Connection=[keep-alive], X-Powered-By=[Express], Access-Control-Allow-Origin=[*], Etag=[W/"50-DQf4XH8WWPb/eBENdhl3P7QqNkc"], Via=[1.1 vegur], CF-Cache-Status=[DYNAMIC], cf-request-id=[0579795eab0000e3c297af9200000001], Expect-CT=[max-age=604800, report-uri="https://report-uri.cloudflare.com/cdn-cgi/beacon/expect-ct"], Report-To=[{"endpoints":[{"url":"https:\/\/a.nel.cloudflare.com\/report?lkg-colo=27&lkg-time=1601349634"}],"group":"cf-nel","max_age":604800}], NEL=[{"report_to":"cf-nel","max_age":604800}], Server=[cloudflare], CF-RAY=[5da291aaa91ce3c2-ATL]}>
29/09/20 00:20:37 INFO  BasicHook:35 - ------ Ending -----Example scenario for get user data-----
29/09/20 00:20:37 INFO  BasicHook:20 - ------ Starting -----Example scenario for get user data-----
29/09/20 00:20:37 INFO  MethodsService:109 - >>>Request: https://reqres.in/api/users, {Content-Type=application/json}, {"name":"test","job":"leader"}
29/09/20 00:20:38 INFO  RestClient:90 - >>>Response: <201 Created,api.model.UserCreated@1dbb650b,{Date=[Tue, 29 Sep 2020 03:20:34 GMT], Content-Type=[application/json; charset=utf-8], Content-Length=[80], Connection=[keep-alive], x-powered-by=[Express], access-control-allow-origin=[*], etag=[W/"50-TQOIbRBwLIeojUFuMNY2dJatiKc"], via=[1.1 vegur], CF-Cache-Status=[DYNAMIC], cf-request-id=[05797960770000e3c297b06200000001], Expect-CT=[max-age=604800, report-uri="https://report-uri.cloudflare.com/cdn-cgi/beacon/expect-ct"], Report-To=[{"endpoints":[{"url":"https:\/\/a.nel.cloudflare.com\/report?lkg-colo=27&lkg-time=1601349634"}],"group":"cf-nel","max_age":604800}], NEL=[{"report_to":"cf-nel","max_age":604800}], Server=[cloudflare], CF-RAY=[5da291ad8ec4e3c2-ATL]}>
29/09/20 00:20:38 INFO  BasicHook:35 - ------ Ending -----Example scenario for get user data-----
29/09/20 00:20:38 INFO  BasicHook:20 - ------ Starting -----Example scenario for input parameters-----
29/09/20 00:20:38 INFO  MethodsService:109 - >>>Request: https://postman-echo.com/response-headers, {foo1=bar1, foo2=bar2}
29/09/20 00:20:39 INFO  RestClient:90 - >>>Response: <200 OK,api.model.ResponseHeaders@54562ea6,{Date=[Tue, 29 Sep 2020 03:20:35 GMT], Content-Type=[application/json; charset=utf-8], Content-Length=[29], Connection=[keep-alive], foo1=[bar1], foo2=[bar2], ETag=[W/"1d-PgOLWVqd2mMvcpNzTF0Cfy4hftg"], Vary=[Accept-Encoding], set-cookie=[sails.sid=s%3AlnrfhF76P1St2pwgzkvCHAT2wuWvnJhN.uoVTk7U8ux6xAqhs71e8idPzufqXYzjAsH43Dftt1VY; Path=/; HttpOnly]}>
29/09/20 00:20:39 INFO  BasicHook:35 - ------ Ending -----Example scenario for input parameters-----
29/09/20 00:20:39 INFO  BasicHook:20 - ------ Starting -----obtener la duraci贸n promedio de la prueba de categor铆a sobre los informes-----
29/09/20 00:20:39 INFO  BasicHook:35 - ------ Ending -----obtener la duraci贸n promedio de la prueba de categor铆a sobre los informes-----
30/09/20 21:04:34 INFO  BasicHook:20 - ------ Starting -----obtener la duracin promedio de la prueba de categora sobre los informes-----
30/09/20 21:04:35 INFO  BasicHook:35 - ------ Ending -----obtener la duracin promedio de la prueba de categora sobre los informes-----
06/10/20 15:35:03 INFO  BasicHook:20 - ------ Starting -----Me logeo y obtengo token-----
06/10/20 15:35:03 INFO  BasicHook:35 - ------ Ending -----Me logeo y obtengo token-----
06/10/20 15:35:03 INFO  BasicHook:20 - ------ Starting -----obtener la duracin promedio de la prueba de categora sobre los informes-----
06/10/20 15:35:04 INFO  BasicHook:35 - ------ Ending -----obtener la duracin promedio de la prueba de categora sobre los informes-----
